<?xml version="1.0" encoding="UTF-8"?>
<!-- Generated by org.testng.reporters.JUnitReportReporter -->
<testsuite hostname="C370012100028" name="org.learning.startup.SimpleTest" tests="1" failures="0" timestamp="9 May 2016 14:48:25 GMT" time="20.339" errors="0">
  <testcase name="testWrongPassPO" time="20.339" classname="org.learning.startup.SimpleTest"/>
</testsuite> <!-- org.learning.startup.SimpleTest -->
